<?xml version="1.0" encoding="UTF-8"?>
<!-- Generated by org.testng.reporters.JUnitReportReporter -->
<testsuite skipped="0" hostname="EPUALVIW0252" name="rozetka.MyFirstTest" tests="1" failures="0" timestamp="15 May 2017 11:43:59 GMT" time="6.705" errors="0">
  <testcase name="f" time="6.705" classname="rozetka.MyFirstTest"/>
</testsuite> <!-- rozetka.MyFirstTest -->
