<?xml version="1.0" encoding="UTF-8"?>
<!-- Generated by org.testng.reporters.JUnitReportReporter -->
<testsuite skipped="0" hostname="EPUALVIW0252" name="rozetka.RozetkaPageObject" tests="2" failures="0" timestamp="22 May 2017 08:52:27 GMT" time="3.361" errors="0">
  <testcase name="testHomePage" time="1.518" classname="rozetka.RozetkaPageObject"/>
  <testcase name="testSearch" time="1.843" classname="rozetka.RozetkaPageObject"/>
</testsuite> <!-- rozetka.RozetkaPageObject -->
